2025-05-31 23:38:41 [main] DEBUG c.s.service.FlightServiceImpl - Fetching all flights
2025-05-31 23:38:41 [main] DEBUG c.s.service.FlightServiceImpl - Retrieving flight with ID: 1
2025-05-31 23:38:41 [main] INFO  c.s.service.FlightServiceImpl - Flight saved: AI101
2025-05-31 23:39:09 [main] DEBUG c.s.service.FlightServiceImpl - Fetching all flights
2025-05-31 23:39:10 [main] DEBUG c.s.service.FlightServiceImpl - Retrieving flight with ID: 1
2025-05-31 23:39:10 [main] INFO  c.s.service.FlightServiceImpl - Flight saved: AI101
2025-05-31 23:46:58 [main] DEBUG o.s.test.context.BootstrapUtils - Instantiating CacheAwareContextLoaderDelegate from class [org.springframework.test.context.cache.DefaultCacheAwareContextLoaderDelegate]
2025-05-31 23:46:58 [main] DEBUG o.s.test.context.BootstrapUtils - Instantiating BootstrapContext using constructor [public org.springframework.test.context.support.DefaultBootstrapContext(java.lang.Class,org.springframework.test.context.CacheAwareContextLoaderDelegate)]
2025-05-31 23:46:58 [main] DEBUG o.s.test.context.BootstrapUtils - Instantiating TestContextBootstrapper for test class [com.searchflights.controller.AdminControllerTest] from class [org.springframework.boot.test.autoconfigure.web.servlet.WebMvcTestContextBootstrapper]
2025-05-31 23:46:58 [main] INFO  o.s.b.t.a.w.s.WebMvcTestContextBootstrapper - Neither @ContextConfiguration nor @ContextHierarchy found for test class [com.searchflights.controller.AdminControllerTest], using SpringBootContextLoader
2025-05-31 23:46:58 [main] DEBUG o.s.t.c.s.AbstractContextLoader - Did not detect default resource location for test class [com.searchflights.controller.AdminControllerTest]: class path resource [com/searchflights/controller/AdminControllerTest-context.xml] does not exist
2025-05-31 23:46:58 [main] DEBUG o.s.t.c.s.AbstractContextLoader - Did not detect default resource location for test class [com.searchflights.controller.AdminControllerTest]: class path resource [com/searchflights/controller/AdminControllerTestContext.groovy] does not exist
2025-05-31 23:46:58 [main] INFO  o.s.t.c.s.AbstractContextLoader - Could not detect default resource locations for test class [com.searchflights.controller.AdminControllerTest]: no resource found for suffixes {-context.xml, Context.groovy}.
2025-05-31 23:46:58 [main] INFO  o.s.t.c.s.AnnotationConfigContextLoaderUtils - Could not detect default configuration classes for test class [com.searchflights.controller.AdminControllerTest]: AdminControllerTest does not declare any static, non-private, non-final, nested classes annotated with @Configuration.
2025-05-31 23:46:58 [main] DEBUG o.s.t.c.support.ActiveProfilesUtils - Could not find an 'annotation declaring class' for annotation type [org.springframework.test.context.ActiveProfiles] and class [com.searchflights.controller.AdminControllerTest]
2025-05-31 23:49:52 [main] DEBUG o.s.test.context.BootstrapUtils - Instantiating CacheAwareContextLoaderDelegate from class [org.springframework.test.context.cache.DefaultCacheAwareContextLoaderDelegate]
2025-05-31 23:49:52 [main] DEBUG o.s.test.context.BootstrapUtils - Instantiating BootstrapContext using constructor [public org.springframework.test.context.support.DefaultBootstrapContext(java.lang.Class,org.springframework.test.context.CacheAwareContextLoaderDelegate)]
2025-05-31 23:49:52 [main] DEBUG o.s.test.context.BootstrapUtils - Instantiating TestContextBootstrapper for test class [com.searchflights.dao.FlightDaoTest] from class [org.springframework.boot.test.autoconfigure.orm.jpa.DataJpaTestContextBootstrapper]
2025-05-31 23:49:52 [main] INFO  o.s.b.t.a.o.j.DataJpaTestContextBootstrapper - Neither @ContextConfiguration nor @ContextHierarchy found for test class [com.searchflights.dao.FlightDaoTest], using SpringBootContextLoader
2025-05-31 23:49:52 [main] DEBUG o.s.t.c.s.AbstractContextLoader - Did not detect default resource location for test class [com.searchflights.dao.FlightDaoTest]: class path resource [com/searchflights/dao/FlightDaoTest-context.xml] does not exist
2025-05-31 23:49:52 [main] DEBUG o.s.t.c.s.AbstractContextLoader - Did not detect default resource location for test class [com.searchflights.dao.FlightDaoTest]: class path resource [com/searchflights/dao/FlightDaoTestContext.groovy] does not exist
2025-05-31 23:49:52 [main] INFO  o.s.t.c.s.AbstractContextLoader - Could not detect default resource locations for test class [com.searchflights.dao.FlightDaoTest]: no resource found for suffixes {-context.xml, Context.groovy}.
2025-05-31 23:49:52 [main] INFO  o.s.t.c.s.AnnotationConfigContextLoaderUtils - Could not detect default configuration classes for test class [com.searchflights.dao.FlightDaoTest]: FlightDaoTest does not declare any static, non-private, non-final, nested classes annotated with @Configuration.
2025-05-31 23:49:52 [main] DEBUG o.s.t.c.support.ActiveProfilesUtils - Could not find an 'annotation declaring class' for annotation type [org.springframework.test.context.ActiveProfiles] and class [com.searchflights.dao.FlightDaoTest]
